I, [2017-07-17T13:54:32.725504 #8242]  INFO -- default-centos65: -----> Creating <default-centos65>...
I, [2017-07-17T13:54:34.217316 #8242]  INFO -- default-centos65: Bringing machine 'default' up with 'virtualbox' provider...
I, [2017-07-17T13:54:34.462754 #8242]  INFO -- default-centos65: ==> default: Importing base box 'learningchef/centos65'...
I, [2017-07-17T13:54:45.912686 #8242]  INFO -- default-centos65: [KProgress: 20%[KProgress: 40%[KProgress: 60%[KProgress: 80%[KProgress: 90%[K==> default: Matching MAC address for NAT networking...
I, [2017-07-17T13:54:46.054565 #8242]  INFO -- default-centos65: ==> default: Checking if box 'learningchef/centos65' is up to date...
I, [2017-07-17T13:54:47.183606 #8242]  INFO -- default-centos65: ==> default: Setting the name of the VM: kitchen-5_chapter-default-centos65_default_1500324887135_98498
I, [2017-07-17T13:54:47.676965 #8242]  INFO -- default-centos65: ==> default: Clearing any previously set network interfaces...
I, [2017-07-17T13:54:47.765690 #8242]  INFO -- default-centos65: ==> default: Preparing network interfaces based on configuration...
I, [2017-07-17T13:54:47.765901 #8242]  INFO -- default-centos65:     default: Adapter 1: nat
I, [2017-07-17T13:54:47.885204 #8242]  INFO -- default-centos65: ==> default: Forwarding ports...
I, [2017-07-17T13:54:47.933233 #8242]  INFO -- default-centos65:     default: 22 (guest) => 2222 (host) (adapter 1)
I, [2017-07-17T13:54:48.350829 #8242]  INFO -- default-centos65: ==> default: Booting VM...
I, [2017-07-17T13:54:48.532443 #8242]  INFO -- default-centos65: ==> default: Waiting for machine to boot. This may take a few minutes...
I, [2017-07-17T13:54:49.623147 #8242]  INFO -- default-centos65: The guest machine entered an invalid state while waiting for it
I, [2017-07-17T13:54:49.623217 #8242]  INFO -- default-centos65: to boot. Valid states are 'starting, running'. The machine is in the
I, [2017-07-17T13:54:49.623242 #8242]  INFO -- default-centos65: 'poweroff' state. Please verify everything is configured
I, [2017-07-17T13:54:49.623268 #8242]  INFO -- default-centos65: properly and try again.
I, [2017-07-17T13:54:49.623290 #8242]  INFO -- default-centos65: 
I, [2017-07-17T13:54:49.623311 #8242]  INFO -- default-centos65: If the provider you're using has a GUI that comes with it,
I, [2017-07-17T13:54:49.623332 #8242]  INFO -- default-centos65: it is often helpful to open that and watch the machine, since the
I, [2017-07-17T13:54:49.623352 #8242]  INFO -- default-centos65: GUI often has more helpful error messages than Vagrant can retrieve.
I, [2017-07-17T13:54:49.623377 #8242]  INFO -- default-centos65: For example, if you're using VirtualBox, run `vagrant up` while the
I, [2017-07-17T13:54:49.623399 #8242]  INFO -- default-centos65: VirtualBox GUI is open.
I, [2017-07-17T13:54:49.623419 #8242]  INFO -- default-centos65: 
I, [2017-07-17T13:54:49.623439 #8242]  INFO -- default-centos65: The primary issue for this error is that the provider you're using
I, [2017-07-17T13:54:49.623460 #8242]  INFO -- default-centos65: is not properly configured. This is very rarely a Vagrant issue.
E, [2017-07-17T13:54:49.658422 #8242] ERROR -- default-centos65: Create failed on instance <default-centos65>.
E, [2017-07-17T13:54:49.658573 #8242] ERROR -- default-centos65: ------Exception-------
E, [2017-07-17T13:54:49.658598 #8242] ERROR -- default-centos65: Class: Kitchen::ShellOut::ShellCommandFailed
E, [2017-07-17T13:54:49.658616 #8242] ERROR -- default-centos65: Message: Expected process to exit with [0], but received '1'
---- Begin output of vagrant up --no-provision --provider virtualbox ----
STDOUT: Bringing machine 'default' up with 'virtualbox' provider...
==> default: Importing base box 'learningchef/centos65'...
[KProgress: 20%[KProgress: 40%[KProgress: 60%[KProgress: 80%[KProgress: 90%[K==> default: Matching MAC address for NAT networking...
==> default: Checking if box 'learningchef/centos65' is up to date...
==> default: Setting the name of the VM: kitchen-5_chapter-default-centos65_default_1500324887135_98498
==> default: Clearing any previously set network interfaces...
==> default: Preparing network interfaces based on configuration...
    default: Adapter 1: nat
==> default: Forwarding ports...
    default: 22 (guest) => 2222 (host) (adapter 1)
==> default: Booting VM...
==> default: Waiting for machine to boot. This may take a few minutes...
STDERR: The guest machine entered an invalid state while waiting for it
to boot. Valid states are 'starting, running'. The machine is in the
'poweroff' state. Please verify everything is configured
properly and try again.

If the provider you're using has a GUI that comes with it,
it is often helpful to open that and watch the machine, since the
GUI often has more helpful error messages than Vagrant can retrieve.
For example, if you're using VirtualBox, run `vagrant up` while the
VirtualBox GUI is open.

The primary issue for this error is that the provider you're using
is not properly configured. This is very rarely a Vagrant issue.
---- End output of vagrant up --no-provision --provider virtualbox ----
Ran vagrant up --no-provision --provider virtualbox returned 1
E, [2017-07-17T13:54:49.658639 #8242] ERROR -- default-centos65: ----------------------
E, [2017-07-17T13:54:49.658664 #8242] ERROR -- default-centos65: ------Backtrace-------
E, [2017-07-17T13:54:49.658680 #8242] ERROR -- default-centos65: /opt/chefdk/embedded/lib/ruby/gems/2.4.0/gems/test-kitchen-1.16.0/lib/kitchen/shell_out.rb:71:in `rescue in run_command'
E, [2017-07-17T13:54:49.658701 #8242] ERROR -- default-centos65: /opt/chefdk/embedded/lib/ruby/gems/2.4.0/gems/test-kitchen-1.16.0/lib/kitchen/shell_out.rb:59:in `run_command'
E, [2017-07-17T13:54:49.658719 #8242] ERROR -- default-centos65: /opt/chefdk/embedded/lib/ruby/gems/2.4.0/gems/kitchen-vagrant-1.1.0/lib/kitchen/driver/vagrant.rb:434:in `run_command'
E, [2017-07-17T13:54:49.658735 #8242] ERROR -- default-centos65: /opt/chefdk/embedded/lib/ruby/gems/2.4.0/gems/kitchen-vagrant-1.1.0/lib/kitchen/driver/vagrant.rb:381:in `run'
E, [2017-07-17T13:54:49.658751 #8242] ERROR -- default-centos65: /opt/chefdk/embedded/lib/ruby/gems/2.4.0/gems/kitchen-vagrant-1.1.0/lib/kitchen/driver/vagrant.rb:465:in `run_vagrant_up'
E, [2017-07-17T13:54:49.658767 #8242] ERROR -- default-centos65: /opt/chefdk/embedded/lib/ruby/gems/2.4.0/gems/kitchen-vagrant-1.1.0/lib/kitchen/driver/vagrant.rb:105:in `create'
E, [2017-07-17T13:54:49.658793 #8242] ERROR -- default-centos65: /opt/chefdk/embedded/lib/ruby/gems/2.4.0/gems/test-kitchen-1.16.0/lib/kitchen/instance.rb:460:in `public_send'
E, [2017-07-17T13:54:49.658811 #8242] ERROR -- default-centos65: /opt/chefdk/embedded/lib/ruby/gems/2.4.0/gems/test-kitchen-1.16.0/lib/kitchen/instance.rb:460:in `block in perform_action'
E, [2017-07-17T13:54:49.658827 #8242] ERROR -- default-centos65: /opt/chefdk/embedded/lib/ruby/gems/2.4.0/gems/test-kitchen-1.16.0/lib/kitchen/instance.rb:524:in `block in synchronize_or_call'
E, [2017-07-17T13:54:49.658843 #8242] ERROR -- default-centos65: /opt/chefdk/embedded/lib/ruby/gems/2.4.0/gems/test-kitchen-1.16.0/lib/kitchen/instance.rb:522:in `synchronize'
E, [2017-07-17T13:54:49.658859 #8242] ERROR -- default-centos65: /opt/chefdk/embedded/lib/ruby/gems/2.4.0/gems/test-kitchen-1.16.0/lib/kitchen/instance.rb:522:in `synchronize_or_call'
E, [2017-07-17T13:54:49.658879 #8242] ERROR -- default-centos65: /opt/chefdk/embedded/lib/ruby/gems/2.4.0/gems/test-kitchen-1.16.0/lib/kitchen/instance.rb:489:in `block in action'
E, [2017-07-17T13:54:49.658897 #8242] ERROR -- default-centos65: /opt/chefdk/embedded/lib/ruby/2.4.0/benchmark.rb:293:in `measure'
E, [2017-07-17T13:54:49.658913 #8242] ERROR -- default-centos65: /opt/chefdk/embedded/lib/ruby/gems/2.4.0/gems/test-kitchen-1.16.0/lib/kitchen/instance.rb:488:in `action'
E, [2017-07-17T13:54:49.658929 #8242] ERROR -- default-centos65: /opt/chefdk/embedded/lib/ruby/gems/2.4.0/gems/test-kitchen-1.16.0/lib/kitchen/instance.rb:460:in `perform_action'
E, [2017-07-17T13:54:49.658945 #8242] ERROR -- default-centos65: /opt/chefdk/embedded/lib/ruby/gems/2.4.0/gems/test-kitchen-1.16.0/lib/kitchen/instance.rb:370:in `create_action'
E, [2017-07-17T13:54:49.658965 #8242] ERROR -- default-centos65: /opt/chefdk/embedded/lib/ruby/gems/2.4.0/gems/test-kitchen-1.16.0/lib/kitchen/instance.rb:359:in `block in transition_to'
E, [2017-07-17T13:54:49.658983 #8242] ERROR -- default-centos65: /opt/chefdk/embedded/lib/ruby/gems/2.4.0/gems/test-kitchen-1.16.0/lib/kitchen/instance.rb:358:in `each'
E, [2017-07-17T13:54:49.658999 #8242] ERROR -- default-centos65: /opt/chefdk/embedded/lib/ruby/gems/2.4.0/gems/test-kitchen-1.16.0/lib/kitchen/instance.rb:358:in `transition_to'
E, [2017-07-17T13:54:49.659015 #8242] ERROR -- default-centos65: /opt/chefdk/embedded/lib/ruby/gems/2.4.0/gems/test-kitchen-1.16.0/lib/kitchen/instance.rb:124:in `create'
E, [2017-07-17T13:54:49.659035 #8242] ERROR -- default-centos65: /opt/chefdk/embedded/lib/ruby/gems/2.4.0/gems/test-kitchen-1.16.0/lib/kitchen/command.rb:197:in `public_send'
E, [2017-07-17T13:54:49.659058 #8242] ERROR -- default-centos65: /opt/chefdk/embedded/lib/ruby/gems/2.4.0/gems/test-kitchen-1.16.0/lib/kitchen/command.rb:197:in `run_action_in_thread'
E, [2017-07-17T13:54:49.659075 #8242] ERROR -- default-centos65: /opt/chefdk/embedded/lib/ruby/gems/2.4.0/gems/test-kitchen-1.16.0/lib/kitchen/command.rb:169:in `block (2 levels) in run_action'
E, [2017-07-17T13:54:49.659092 #8242] ERROR -- default-centos65: ----End Backtrace-----
E, [2017-07-17T13:54:49.659107 #8242] ERROR -- default-centos65: ---Nested Exception---
E, [2017-07-17T13:54:49.659123 #8242] ERROR -- default-centos65: Class: Mixlib::ShellOut::ShellCommandFailed
E, [2017-07-17T13:54:49.659147 #8242] ERROR -- default-centos65: Message: Expected process to exit with [0], but received '1'
---- Begin output of vagrant up --no-provision --provider virtualbox ----
STDOUT: Bringing machine 'default' up with 'virtualbox' provider...
==> default: Importing base box 'learningchef/centos65'...
[KProgress: 20%[KProgress: 40%[KProgress: 60%[KProgress: 80%[KProgress: 90%[K==> default: Matching MAC address for NAT networking...
==> default: Checking if box 'learningchef/centos65' is up to date...
==> default: Setting the name of the VM: kitchen-5_chapter-default-centos65_default_1500324887135_98498
==> default: Clearing any previously set network interfaces...
==> default: Preparing network interfaces based on configuration...
    default: Adapter 1: nat
==> default: Forwarding ports...
    default: 22 (guest) => 2222 (host) (adapter 1)
==> default: Booting VM...
==> default: Waiting for machine to boot. This may take a few minutes...
STDERR: The guest machine entered an invalid state while waiting for it
to boot. Valid states are 'starting, running'. The machine is in the
'poweroff' state. Please verify everything is configured
properly and try again.

If the provider you're using has a GUI that comes with it,
it is often helpful to open that and watch the machine, since the
GUI often has more helpful error messages than Vagrant can retrieve.
For example, if you're using VirtualBox, run `vagrant up` while the
VirtualBox GUI is open.

The primary issue for this error is that the provider you're using
is not properly configured. This is very rarely a Vagrant issue.
---- End output of vagrant up --no-provision --provider virtualbox ----
Ran vagrant up --no-provision --provider virtualbox returned 1
E, [2017-07-17T13:54:49.659168 #8242] ERROR -- default-centos65: ----------------------
E, [2017-07-17T13:54:49.659185 #8242] ERROR -- default-centos65: ------Backtrace-------
E, [2017-07-17T13:54:49.659200 #8242] ERROR -- default-centos65: /opt/chefdk/embedded/lib/ruby/gems/2.4.0/gems/test-kitchen-1.16.0/lib/kitchen/shell_out.rb:71:in `rescue in run_command'
E, [2017-07-17T13:54:49.659216 #8242] ERROR -- default-centos65: /opt/chefdk/embedded/lib/ruby/gems/2.4.0/gems/test-kitchen-1.16.0/lib/kitchen/shell_out.rb:59:in `run_command'
E, [2017-07-17T13:54:49.659232 #8242] ERROR -- default-centos65: /opt/chefdk/embedded/lib/ruby/gems/2.4.0/gems/kitchen-vagrant-1.1.0/lib/kitchen/driver/vagrant.rb:434:in `run_command'
E, [2017-07-17T13:54:49.659248 #8242] ERROR -- default-centos65: /opt/chefdk/embedded/lib/ruby/gems/2.4.0/gems/kitchen-vagrant-1.1.0/lib/kitchen/driver/vagrant.rb:381:in `run'
E, [2017-07-17T13:54:49.659267 #8242] ERROR -- default-centos65: /opt/chefdk/embedded/lib/ruby/gems/2.4.0/gems/kitchen-vagrant-1.1.0/lib/kitchen/driver/vagrant.rb:465:in `run_vagrant_up'
E, [2017-07-17T13:54:49.659284 #8242] ERROR -- default-centos65: /opt/chefdk/embedded/lib/ruby/gems/2.4.0/gems/kitchen-vagrant-1.1.0/lib/kitchen/driver/vagrant.rb:105:in `create'
E, [2017-07-17T13:54:49.659300 #8242] ERROR -- default-centos65: /opt/chefdk/embedded/lib/ruby/gems/2.4.0/gems/test-kitchen-1.16.0/lib/kitchen/instance.rb:460:in `public_send'
E, [2017-07-17T13:54:49.659319 #8242] ERROR -- default-centos65: /opt/chefdk/embedded/lib/ruby/gems/2.4.0/gems/test-kitchen-1.16.0/lib/kitchen/instance.rb:460:in `block in perform_action'
E, [2017-07-17T13:54:49.659348 #8242] ERROR -- default-centos65: /opt/chefdk/embedded/lib/ruby/gems/2.4.0/gems/test-kitchen-1.16.0/lib/kitchen/instance.rb:524:in `block in synchronize_or_call'
E, [2017-07-17T13:54:49.659367 #8242] ERROR -- default-centos65: /opt/chefdk/embedded/lib/ruby/gems/2.4.0/gems/test-kitchen-1.16.0/lib/kitchen/instance.rb:522:in `synchronize'
E, [2017-07-17T13:54:49.659383 #8242] ERROR -- default-centos65: /opt/chefdk/embedded/lib/ruby/gems/2.4.0/gems/test-kitchen-1.16.0/lib/kitchen/instance.rb:522:in `synchronize_or_call'
E, [2017-07-17T13:54:49.659399 #8242] ERROR -- default-centos65: /opt/chefdk/embedded/lib/ruby/gems/2.4.0/gems/test-kitchen-1.16.0/lib/kitchen/instance.rb:489:in `block in action'
E, [2017-07-17T13:54:49.659415 #8242] ERROR -- default-centos65: /opt/chefdk/embedded/lib/ruby/2.4.0/benchmark.rb:293:in `measure'
E, [2017-07-17T13:54:49.659431 #8242] ERROR -- default-centos65: /opt/chefdk/embedded/lib/ruby/gems/2.4.0/gems/test-kitchen-1.16.0/lib/kitchen/instance.rb:488:in `action'
E, [2017-07-17T13:54:49.659447 #8242] ERROR -- default-centos65: /opt/chefdk/embedded/lib/ruby/gems/2.4.0/gems/test-kitchen-1.16.0/lib/kitchen/instance.rb:460:in `perform_action'
E, [2017-07-17T13:54:49.659463 #8242] ERROR -- default-centos65: /opt/chefdk/embedded/lib/ruby/gems/2.4.0/gems/test-kitchen-1.16.0/lib/kitchen/instance.rb:370:in `create_action'
E, [2017-07-17T13:54:49.659479 #8242] ERROR -- default-centos65: /opt/chefdk/embedded/lib/ruby/gems/2.4.0/gems/test-kitchen-1.16.0/lib/kitchen/instance.rb:359:in `block in transition_to'
E, [2017-07-17T13:54:49.659499 #8242] ERROR -- default-centos65: /opt/chefdk/embedded/lib/ruby/gems/2.4.0/gems/test-kitchen-1.16.0/lib/kitchen/instance.rb:358:in `each'
E, [2017-07-17T13:54:49.659516 #8242] ERROR -- default-centos65: /opt/chefdk/embedded/lib/ruby/gems/2.4.0/gems/test-kitchen-1.16.0/lib/kitchen/instance.rb:358:in `transition_to'
E, [2017-07-17T13:54:49.659543 #8242] ERROR -- default-centos65: /opt/chefdk/embedded/lib/ruby/gems/2.4.0/gems/test-kitchen-1.16.0/lib/kitchen/instance.rb:124:in `create'
E, [2017-07-17T13:54:49.659560 #8242] ERROR -- default-centos65: /opt/chefdk/embedded/lib/ruby/gems/2.4.0/gems/test-kitchen-1.16.0/lib/kitchen/command.rb:197:in `public_send'
E, [2017-07-17T13:54:49.659576 #8242] ERROR -- default-centos65: /opt/chefdk/embedded/lib/ruby/gems/2.4.0/gems/test-kitchen-1.16.0/lib/kitchen/command.rb:197:in `run_action_in_thread'
E, [2017-07-17T13:54:49.659592 #8242] ERROR -- default-centos65: /opt/chefdk/embedded/lib/ruby/gems/2.4.0/gems/test-kitchen-1.16.0/lib/kitchen/command.rb:169:in `block (2 levels) in run_action'
E, [2017-07-17T13:54:49.659608 #8242] ERROR -- default-centos65: ----End Backtrace-----
